#
# There is insufficient memory for the Java Runtime Environment to continue.
# Native memory allocation (malloc) failed to allocate 34096 bytes for Chunk::new
# Possible reasons:
#   The system is out of physical RAM or swap space
#   The process is running with CompressedOops enabled, and the Java Heap may be blocking the growth of the native heap
# Possible solutions:
#   Reduce memory load on the system
#   Increase physical memory or swap space
#   Check if swap backing store is full
#   Decrease Java heap size (-Xmx/-Xms)
#   Decrease number of Java threads
#   Decrease Java thread stack sizes (-Xss)
#   Set larger code cache with -XX:ReservedCodeCacheSize=
#   JVM is running with Unscaled Compressed Oops mode in which the Java heap is
#     placed in the first 4GB address space. The Java Heap base address is the
#     maximum limit for the native heap growth. Please use -XX:HeapBaseMinAddress
#     to set the Java Heap base and to place the Java Heap above 4GB virtual address.
# This output file may be truncated or incomplete.
#
#  Out of Memory Error (./open/src/hotspot/share/memory/arena.cpp:197), pid=3384, tid=7544
#
# JRE version: Java(TM) SE Runtime Environment 18.9 (11.0.16+11) (build 11.0.16+11-LTS-199)
# Java VM: Java HotSpot(TM) 64-Bit Server VM 18.9 (11.0.16+11-LTS-199, mixed mode, tiered, compressed oops, g1 gc, windows-amd64)
# No core dump will be written. Minidumps are not enabled by default on client versions of Windows
#

---------------  S U M M A R Y ------------

Command Line: -Dclassworlds.conf=C:\Program Files\NetBeans-12.6\netbeans\java\maven\bin\..\bin\m2.conf -Dmaven.home=C:\Program Files\NetBeans-12.6\netbeans\java\maven\bin\.. -Dlibrary.jansi.path=C:\Program Files\NetBeans-12.6\netbeans\java\maven\bin\..\lib\jansi-native -Dmaven.multiModuleProjectDirectory=C:\Users\JORGE CASTILLO\Documents\NetBeansProjects\portfoliospring org.codehaus.plexus.classworlds.launcher.Launcher -Dmaven.ext.class.path=C:\Program Files\NetBeans-12.6\netbeans\java\maven-nblib\netbeans-eventspy.jar -Dfile.encoding=UTF-8 install

Host: Intel(R) Pentium(R) CPU G2020 @ 2.90GHz, 2 cores, 1G,  Windows 10 , 64 bit Build 19041 (10.0.19041.1889)
Time: Mon Oct 17 10:07:30 2022 Hora estándar de Argentina elapsed time: 35.935593 seconds (0d 0h 0m 35s)

---------------  T H R E A D  ---------------

Current thread (0x0000023328d6b800):  JavaThread "C2 CompilerThread0" daemon [_thread_in_native, id=7544, stack(0x000000b8e0400000,0x000000b8e0500000)]


Current CompileTask:
C2:  35935 5583       4       sun.nio.cs.UTF_8::updatePositions (23 bytes)

Stack: [0x000000b8e0400000,0x000000b8e0500000]
Native frames: (J=compiled Java code, j=interpreted, Vv=VM code, C=native code)
V  [jvm.dll+0x62a3ea]
V  [jvm.dll+0x76418f]
V  [jvm.dll+0x765839]
V  [jvm.dll+0x765ec3]
V  [jvm.dll+0x23da98]
V  [jvm.dll+0xb2a1c]
V  [jvm.dll+0xb2fdc]
V  [jvm.dll+0x341442]
V  [jvm.dll+0x18c8e3]
V  [jvm.dll+0x1f85b2]
V  [jvm.dll+0x1f768d]
V  [jvm.dll+0x177c81]
V  [jvm.dll+0x207006]
V  [jvm.dll+0x20519b]
V  [jvm.dll+0x729fa0]
V  [jvm.dll+0x722b74]
V  [jvm.dll+0x629286]
C  [ucrtbase.dll+0x21bb2]
C  [KERNEL32.DLL+0x17034]
C  [ntdll.dll+0x526a1]


---------------  P R O C E S S  ---------------

Threads class SMR info:
_java_thread_list=0x000002332d55d8c0, length=21, elements={
0x000002330e577000, 0x0000023328d61000, 0x0000023328d4f800, 0x0000023328dbe800,
0x0000023328dc1000, 0x0000023328dc3800, 0x0000023328d6b800, 0x0000023328e23800,
0x0000023328e26000, 0x0000023329052000, 0x000002332a738800, 0x000002332ac80800,
0x000002332952c000, 0x000002332b6df000, 0x000002332c048000, 0x000002332abe7800,
0x000002332b087000, 0x000002332bad1000, 0x000002332af26800, 0x000002332ac72000,
0x000002332ac76000
}

Java Threads: ( => current thread )
  0x000002330e577000 JavaThread "main" [_thread_in_native, id=4584, stack(0x000000b8df800000,0x000000b8df900000)]
  0x0000023328d61000 JavaThread "Reference Handler" daemon [_thread_blocked, id=3060, stack(0x000000b8dff00000,0x000000b8e0000000)]
  0x0000023328d4f800 JavaThread "Finalizer" daemon [_thread_blocked, id=6760, stack(0x000000b8e0000000,0x000000b8e0100000)]
  0x0000023328dbe800 JavaThread "Signal Dispatcher" daemon [_thread_blocked, id=3172, stack(0x000000b8e0100000,0x000000b8e0200000)]
  0x0000023328dc1000 JavaThread "Attach Listener" daemon [_thread_blocked, id=4908, stack(0x000000b8e0200000,0x000000b8e0300000)]
  0x0000023328dc3800 JavaThread "Service Thread" daemon [_thread_blocked, id=1204, stack(0x000000b8e0300000,0x000000b8e0400000)]
=>0x0000023328d6b800 JavaThread "C2 CompilerThread0" daemon [_thread_in_native, id=7544, stack(0x000000b8e0400000,0x000000b8e0500000)]
  0x0000023328e23800 JavaThread "C1 CompilerThread0" daemon [_thread_blocked, id=1396, stack(0x000000b8e0500000,0x000000b8e0600000)]
  0x0000023328e26000 JavaThread "Sweeper thread" daemon [_thread_blocked, id=4160, stack(0x000000b8e0600000,0x000000b8e0700000)]
  0x0000023329052000 JavaThread "Common-Cleaner" daemon [_thread_blocked, id=6944, stack(0x000000b8e0800000,0x000000b8e0900000)]
  0x000002332a738800 JavaThread "resolver-1" daemon [_thread_blocked, id=4012, stack(0x000000b8e0a00000,0x000000b8e0b00000)]
  0x000002332ac80800 JavaThread "resolver-2" daemon [_thread_blocked, id=2376, stack(0x000000b8e0b00000,0x000000b8e0c00000)]
  0x000002332952c000 JavaThread "resolver-3" daemon [_thread_blocked, id=7468, stack(0x000000b8e0c00000,0x000000b8e0d00000)]
  0x000002332b6df000 JavaThread "resolver-4" daemon [_thread_blocked, id=7400, stack(0x000000b8e0d00000,0x000000b8e0e00000)]
  0x000002332c048000 JavaThread "resolver-5" daemon [_thread_blocked, id=7844, stack(0x000000b8e0e00000,0x000000b8e0f00000)]
  0x000002332abe7800 JavaThread "timeout-check-timer" daemon [_thread_blocked, id=7836, stack(0x000000b8e0f00000,0x000000b8e1000000)]
  0x000002332b087000 JavaThread "ping-timer-10s" daemon [_thread_blocked, id=6708, stack(0x000000b8e1000000,0x000000b8e1100000)]
  0x000002332bad1000 JavaThread "ThreadedStreamConsumer" daemon [_thread_blocked, id=5568, stack(0x000000b8e1100000,0x000000b8e1200000)]
  0x000002332af26800 JavaThread "Thread-2" [_thread_blocked, id=2308, stack(0x000000b8e1200000,0x000000b8e1300000)]
  0x000002332ac72000 JavaThread "Thread-3" [_thread_in_native, id=6908, stack(0x000000b8e1300000,0x000000b8e1400000)]
  0x000002332ac76000 JavaThread "Thread-4" [_thread_in_native, id=1624, stack(0x000000b8e1400000,0x000000b8e1500000)]

Other Threads:
  0x0000023328d2b000 VMThread "VM Thread" [stack: 0x000000b8dfe00000,0x000000b8dff00000] [id=7152]
  0x000002332904f800 WatcherThread [stack: 0x000000b8e0700000,0x000000b8e0800000] [id=5332]
  0x000002330e58c800 GCTaskThread "GC Thread#0" [stack: 0x000000b8df900000,0x000000b8dfa00000] [id=3244]
  0x00000233293fd800 GCTaskThread "GC Thread#1" [stack: 0x000000b8e0900000,0x000000b8e0a00000] [id=5428]
  0x000002330e59b000 ConcurrentGCThread "G1 Main Marker" [stack: 0x000000b8dfa00000,0x000000b8dfb00000] [id=4164]
  0x000002330e59d800 ConcurrentGCThread "G1 Conc#0" [stack: 0x000000b8dfb00000,0x000000b8dfc00000] [id=6456]
  0x000002330e5c8000 ConcurrentGCThread "G1 Refine#0" [stack: 0x000000b8dfc00000,0x000000b8dfd00000] [id=5500]
  0x000002330e5c9000 ConcurrentGCThread "G1 Young RemSet Sampling" [stack: 0x000000b8dfd00000,0x000000b8dfe00000] [id=8072]

Threads with active compile tasks:
C2 CompilerThread0    35970 5583       4       sun.nio.cs.UTF_8::updatePositions (23 bytes)

VM state:not at safepoint (normal execution)

VM Mutex/Monitor currently owned by a thread: None

Heap address: 0x00000000e2000000, size: 480 MB, Compressed Oops mode: 32-bit
Narrow klass base: 0x0000000000000000, Narrow klass shift: 3
Compressed class space size: 1073741824 Address: 0x0000000100000000

Heap:
 garbage-first heap   total 63488K, used 40392K [0x00000000e2000000, 0x0000000100000000)
  region size 1024K, 17 young (17408K), 2 survivors (2048K)
 Metaspace       used 35764K, capacity 36444K, committed 36608K, reserved 1081344K
  class space    used 3767K, capacity 3988K, committed 4096K, reserved 1048576K
Heap Regions: E=young(eden), S=young(survivor), O=old, HS=humongous(starts), HC=humongous(continues), CS=collection set, F=free, A=archive, TAMS=top-at-mark-start (previous, next)
|   0|0x00000000e2000000, 0x00000000e2100000, 0x00000000e2100000|100%| O|  |TAMS 0x00000000e2100000, 0x00000000e2000000| Untracked 
|   1|0x00000000e2100000, 0x00000000e2200000, 0x00000000e2200000|100%| O|  |TAMS 0x00000000e2200000, 0x00000000e2100000| Untracked 
|   2|0x00000000e2200000, 0x00000000e2300000, 0x00000000e2300000|100%| O|  |TAMS 0x00000000e2300000, 0x00000000e2200000| Untracked 
|   3|0x00000000e2300000, 0x00000000e2400000, 0x00000000e2400000|100%| O|  |TAMS 0x00000000e2400000, 0x00000000e2300000| Untracked 
|   4|0x00000000e2400000, 0x00000000e2500000, 0x00000000e2500000|100%| O|  |TAMS 0x00000000e2500000, 0x00000000e2400000| Untracked 
|   5|0x00000000e2500000, 0x00000000e2600000, 0x00000000e2600000|100%| O|  |TAMS 0x00000000e2600000, 0x00000000e2500000| Untracked 
|   6|0x00000000e2600000, 0x00000000e2700000, 0x00000000e2700000|100%| O|  |TAMS 0x00000000e2700000, 0x00000000e2600000| Untracked 
|   7|0x00000000e2700000, 0x00000000e2800000, 0x00000000e2800000|100%| O|  |TAMS 0x00000000e2800000, 0x00000000e2700000| Untracked 
|   8|0x00000000e2800000, 0x00000000e2900000, 0x00000000e2900000|100%| O|  |TAMS 0x00000000e2900000, 0x00000000e2800000| Untracked 
|   9|0x00000000e2900000, 0x00000000e2900000, 0x00000000e2a00000|  0%| F|  |TAMS 0x00000000e2900000, 0x00000000e2900000| Untracked 
|  10|0x00000000e2a00000, 0x00000000e2b00000, 0x00000000e2b00000|100%| O|  |TAMS 0x00000000e2b00000, 0x00000000e2a00000| Untracked 
|  11|0x00000000e2b00000, 0x00000000e2c00000, 0x00000000e2c00000|100%| O|  |TAMS 0x00000000e2c00000, 0x00000000e2b00000| Untracked 
|  12|0x00000000e2c00000, 0x00000000e2d00000, 0x00000000e2d00000|100%| O|  |TAMS 0x00000000e2d00000, 0x00000000e2c00000| Untracked 
|  13|0x00000000e2d00000, 0x00000000e2ded400, 0x00000000e2e00000| 92%| O|  |TAMS 0x00000000e2d00000, 0x00000000e2d00000| Untracked 
|  14|0x00000000e2e00000, 0x00000000e2f00000, 0x00000000e2f00000|100%| O|  |TAMS 0x00000000e2e00000, 0x00000000e2e00000| Untracked 
|  15|0x00000000e2f00000, 0x00000000e3000000, 0x00000000e3000000|100%| O|  |TAMS 0x00000000e3000000, 0x00000000e2f00000| Untracked 
|  16|0x00000000e3000000, 0x00000000e3100000, 0x00000000e3100000|100%| O|  |TAMS 0x00000000e3100000, 0x00000000e3000000| Untracked 
|  17|0x00000000e3100000, 0x00000000e3100000, 0x00000000e3200000|  0%| F|  |TAMS 0x00000000e3100000, 0x00000000e3100000| Untracked 
|  18|0x00000000e3200000, 0x00000000e3200000, 0x00000000e3300000|  0%| F|  |TAMS 0x00000000e3200000, 0x00000000e3200000| Untracked 
|  19|0x00000000e3300000, 0x00000000e3300000, 0x00000000e3400000|  0%| F|  |TAMS 0x00000000e3300000, 0x00000000e3300000| Untracked 
|  20|0x00000000e3400000, 0x00000000e3400000, 0x00000000e3500000|  0%| F|  |TAMS 0x00000000e3400000, 0x00000000e3400000| Untracked 
|  21|0x00000000e3500000, 0x00000000e3600000, 0x00000000e3600000|100%| O|  |TAMS 0x00000000e3600000, 0x00000000e3500000| Untracked 
|  22|0x00000000e3600000, 0x00000000e3600000, 0x00000000e3700000|  0%| F|  |TAMS 0x00000000e3600000, 0x00000000e3600000| Untracked 
|  23|0x00000000e3700000, 0x00000000e3700000, 0x00000000e3800000|  0%| F|  |TAMS 0x00000000e3700000, 0x00000000e3700000| Untracked 
|  24|0x00000000e3800000, 0x00000000e3800000, 0x00000000e3900000|  0%| F|  |TAMS 0x00000000e3800000, 0x00000000e3800000| Untracked 
|  25|0x00000000e3900000, 0x00000000e3900000, 0x00000000e3a00000|  0%| F|  |TAMS 0x00000000e3900000, 0x00000000e3900000| Untracked 
|  26|0x00000000e3a00000, 0x00000000e3a00000, 0x00000000e3b00000|  0%| F|  |TAMS 0x00000000e3a00000, 0x00000000e3a00000| Untracked 
|  27|0x00000000e3b00000, 0x00000000e3c00000, 0x00000000e3c00000|100%| O|  |TAMS 0x00000000e3c00000, 0x00000000e3b00000| Untracked 
|  28|0x00000000e3c00000, 0x00000000e3d00000, 0x00000000e3d00000|100%| O|  |TAMS 0x00000000e3d00000, 0x00000000e3c00000| Untracked 
|  29|0x00000000e3d00000, 0x00000000e3e00000, 0x00000000e3e00000|100%| O|  |TAMS 0x00000000e3e00000, 0x00000000e3d00000| Untracked 
|  30|0x00000000e3e00000, 0x00000000e3e00000, 0x00000000e3f00000|  0%| F|  |TAMS 0x00000000e3e00000, 0x00000000e3e00000| Untracked 
|  31|0x00000000e3f00000, 0x00000000e4000000, 0x00000000e4000000|100%| O|  |TAMS 0x00000000e4000000, 0x00000000e3f00000| Untracked 
|  32|0x00000000e4000000, 0x00000000e4100000, 0x00000000e4100000|100%| O|  |TAMS 0x00000000e4100000, 0x00000000e4000000| Untracked 
|  33|0x00000000e4100000, 0x00000000e4200000, 0x00000000e4200000|100%| O|  |TAMS 0x00000000e41f7200, 0x00000000e4100000| Untracked 
|  34|0x00000000e4200000, 0x00000000e4300000, 0x00000000e4300000|100%| O|  |TAMS 0x00000000e4200000, 0x00000000e4200000| Untracked 
|  35|0x00000000e4300000, 0x00000000e4300000, 0x00000000e4400000|  0%| F|  |TAMS 0x00000000e4300000, 0x00000000e4300000| Untracked 
|  36|0x00000000e4400000, 0x00000000e4400000, 0x00000000e4500000|  0%| F|  |TAMS 0x00000000e4400000, 0x00000000e4400000| Untracked 
|  37|0x00000000e4500000, 0x00000000e4500000, 0x00000000e4600000|  0%| F|  |TAMS 0x00000000e4500000, 0x00000000e4500000| Untracked 
|  38|0x00000000e4600000, 0x00000000e4600000, 0x00000000e4700000|  0%| F|  |TAMS 0x00000000e4600000, 0x00000000e4600000| Untracked 
|  39|0x00000000e4700000, 0x00000000e4700000, 0x00000000e4800000|  0%| F|  |TAMS 0x00000000e4700000, 0x00000000e4700000| Untracked 
|  40|0x00000000e4800000, 0x00000000e4884fb0, 0x00000000e4900000| 51%| S|CS|TAMS 0x00000000e4800000, 0x00000000e4800000| Complete 
|  41|0x00000000e4900000, 0x00000000e4a00000, 0x00000000e4a00000|100%| S|CS|TAMS 0x00000000e4900000, 0x00000000e4900000| Complete 
|  42|0x00000000e4a00000, 0x00000000e4a00000, 0x00000000e4b00000|  0%| F|  |TAMS 0x00000000e4a00000, 0x00000000e4a00000| Untracked 
|  43|0x00000000e4b00000, 0x00000000e4b00000, 0x00000000e4c00000|  0%| F|  |TAMS 0x00000000e4b00000, 0x00000000e4b00000| Untracked 
|  44|0x00000000e4c00000, 0x00000000e4c00000, 0x00000000e4d00000|  0%| F|  |TAMS 0x00000000e4c00000, 0x00000000e4c00000| Untracked 
|  45|0x00000000e4d00000, 0x00000000e4d00000, 0x00000000e4e00000|  0%| F|  |TAMS 0x00000000e4d00000, 0x00000000e4d00000| Untracked 
|  46|0x00000000e4e00000, 0x00000000e4e00000, 0x00000000e4f00000|  0%| F|  |TAMS 0x00000000e4e00000, 0x00000000e4e00000| Untracked 
|  47|0x00000000e4f00000, 0x00000000e4f61d30, 0x00000000e5000000| 38%| E|  |TAMS 0x00000000e4f00000, 0x00000000e4f00000| Complete 
|  48|0x00000000e5000000, 0x00000000e5100000, 0x00000000e5100000|100%| E|CS|TAMS 0x00000000e5000000, 0x00000000e5000000| Complete 
|  49|0x00000000e5100000, 0x00000000e5200000, 0x00000000e5200000|100%| E|CS|TAMS 0x00000000e5100000, 0x00000000e5100000| Complete 
|  50|0x00000000e5200000, 0x00000000e5300000, 0x00000000e5300000|100%| E|CS|TAMS 0x00000000e5200000, 0x00000000e5200000| Complete 
|  51|0x00000000e5300000, 0x00000000e5400000, 0x00000000e5400000|100%| E|CS|TAMS 0x00000000e5300000, 0x00000000e5300000| Complete 
|  52|0x00000000e5400000, 0x00000000e5500000, 0x00000000e5500000|100%| E|CS|TAMS 0x00000000e5400000, 0x00000000e5400000| Complete 
|  53|0x00000000e5500000, 0x00000000e5600000, 0x00000000e5600000|100%| E|CS|TAMS 0x00000000e5500000, 0x00000000e5500000| Complete 
|  54|0x00000000e5600000, 0x00000000e5700000, 0x00000000e5700000|100%| E|CS|TAMS 0x00000000e5600000, 0x00000000e5600000| Complete 
|  55|0x00000000e5700000, 0x00000000e5800000, 0x00000000e5800000|100%| E|CS|TAMS 0x00000000e5700000, 0x00000000e5700000| Complete 
|  56|0x00000000e5800000, 0x00000000e5900000, 0x00000000e5900000|100%| E|CS|TAMS 0x00000000e5800000, 0x00000000e5800000| Complete 
|  57|0x00000000e5900000, 0x00000000e5a00000, 0x00000000e5a00000|100%| E|CS|TAMS 0x00000000e5900000, 0x00000000e5900000| Complete 
|  58|0x00000000e5a00000, 0x00000000e5b00000, 0x00000000e5b00000|100%| E|CS|TAMS 0x00000000e5a00000, 0x00000000e5a00000| Complete 
|  59|0x00000000e5b00000, 0x00000000e5c00000, 0x00000000e5c00000|100%| E|CS|TAMS 0x00000000e5b00000, 0x00000000e5b00000| Complete 
|  60|0x00000000e5c00000, 0x00000000e5d00000, 0x00000000e5d00000|100%| E|CS|TAMS 0x00000000e5c00000, 0x00000000e5c00000| Complete 
|  61|0x00000000e5d00000, 0x00000000e5e00000, 0x00000000e5e00000|100%| E|CS|TAMS 0x00000000e5d00000, 0x00000000e5d00000| Complete 

Card table byte_map: [0x0000023325120000,0x0000023325210000] _byte_map_base: 0x0000023324a10000

Marking Bits (Prev, Next): (CMBitMap*) 0x000002330e5986a0, (CMBitMap*) 0x000002330e598668
 Prev Bits: [0x0000023325a80000, 0x0000023326200000)
 Next Bits: [0x0000023325300000, 0x0000023325a80000)

Polling page: 0x000002330cc20000

Metaspace:

Usage:
  Non-class:     31.70 MB capacity,    31.25 MB ( 99%) used,   401.51 KB (  1%) free+waste,    58.25 KB ( <1%) overhead. 
      Class:      3.89 MB capacity,     3.68 MB ( 94%) used,   194.80 KB (  5%) free+waste,    25.31 KB ( <1%) overhead. 
       Both:     35.59 MB capacity,    34.93 MB ( 98%) used,   596.30 KB (  2%) free+waste,    83.56 KB ( <1%) overhead. 

Virtual space:
  Non-class space:       32.00 MB reserved,      31.75 MB (>99%) committed 
      Class space:        1.00 GB reserved,       4.00 MB ( <1%) committed 
             Both:        1.03 GB reserved,      35.75 MB (  3%) committed 

Chunk freelists:
   Non-Class:  7.00 KB
       Class:  1.50 KB
        Both:  8.50 KB

CodeHeap 'non-profiled nmethods': size=120064Kb used=2989Kb max_used=2989Kb free=117074Kb
 bounds [0x000002331d6f0000, 0x000002331d9e0000, 0x0000023324c30000]
CodeHeap 'profiled nmethods': size=120000Kb used=13082Kb max_used=13082Kb free=106917Kb
 bounds [0x00000233161c0000, 0x0000023316e90000, 0x000002331d6f0000]
CodeHeap 'non-nmethods': size=5696Kb used=1159Kb max_used=1199Kb free=4536Kb
 bounds [0x0000023315c30000, 0x0000023315ea0000, 0x00000233161c0000]
 total_blobs=6097 nmethods=5581 adapters=428
 compilation: enabled
              stopped_count=0, restarted_count=0
 full_count=0

Compilation events (10 events):
Event: 35.874 Thread 0x0000023328e23800 nmethod 5578 0x0000023316e81490 code [0x0000023316e81640, 0x0000023316e81768]
Event: 35.879 Thread 0x0000023328e23800 5579       3       java.io.FileInputStream::read (8 bytes)
Event: 35.879 Thread 0x0000023328e23800 nmethod 5579 0x0000023316e81810 code [0x0000023316e819c0, 0x0000023316e81ae8]
Event: 35.918 Thread 0x0000023328e23800 5580       1       java.text.DecimalFormatSymbols::getZeroDigit (5 bytes)
Event: 35.918 Thread 0x0000023328e23800 nmethod 5580 0x000002331d9d9490 code [0x000002331d9d9620, 0x000002331d9d96d8]
Event: 35.918 Thread 0x0000023328d6b800 5581       4       java.io.Writer::write (11 bytes)
Event: 35.927 Thread 0x0000023328d6b800 nmethod 5581 0x000002331d9d9790 code [0x000002331d9d9940, 0x000002331d9da1e8]
Event: 35.928 Thread 0x0000023328d6b800 5582       4       java.io.FileOutputStream::write (20 bytes)
Event: 35.929 Thread 0x0000023328d6b800 nmethod 5582 0x000002331d9da790 code [0x000002331d9da920, 0x000002331d9da9c8]
Event: 35.929 Thread 0x0000023328d6b800 5583       4       sun.nio.cs.UTF_8::updatePositions (23 bytes)

GC Heap History (10 events):
Event: 19.095 GC heap before
{Heap before GC invocations=27 (full 0):
 garbage-first heap   total 63488K, used 48533K [0x00000000e2000000, 0x0000000100000000)
  region size 1024K, 14 young (14336K), 1 survivors (1024K)
 Metaspace       used 33404K, capacity 34009K, committed 34304K, reserved 1079296K
  class space    used 3555K, capacity 3774K, committed 3840K, reserved 1048576K
}
Event: 19.098 GC heap after
{Heap after GC invocations=28 (full 0):
 garbage-first heap   total 63488K, used 34827K [0x00000000e2000000, 0x0000000100000000)
  region size 1024K, 2 young (2048K), 2 survivors (2048K)
 Metaspace       used 33404K, capacity 34009K, committed 34304K, reserved 1079296K
  class space    used 3555K, capacity 3774K, committed 3840K, reserved 1048576K
}
Event: 19.482 GC heap before
{Heap before GC invocations=29 (full 0):
 garbage-first heap   total 63488K, used 48139K [0x00000000e2000000, 0x0000000100000000)
  region size 1024K, 15 young (15360K), 2 survivors (2048K)
 Metaspace       used 33478K, capacity 34141K, committed 34304K, reserved 1079296K
  class space    used 3555K, capacity 3775K, committed 3840K, reserved 1048576K
}
Event: 19.486 GC heap after
{Heap after GC invocations=30 (full 0):
 garbage-first heap   total 63488K, used 35308K [0x00000000e2000000, 0x0000000100000000)
  region size 1024K, 2 young (2048K), 2 survivors (2048K)
 Metaspace       used 33478K, capacity 34141K, committed 34304K, reserved 1079296K
  class space    used 3555K, capacity 3775K, committed 3840K, reserved 1048576K
}
Event: 19.502 GC heap before
{Heap before GC invocations=30 (full 0):
 garbage-first heap   total 63488K, used 36332K [0x00000000e2000000, 0x0000000100000000)
  region size 1024K, 3 young (3072K), 2 survivors (2048K)
 Metaspace       used 33478K, capacity 34141K, committed 34304K, reserved 1079296K
  class space    used 3555K, capacity 3775K, committed 3840K, reserved 1048576K
}
Event: 19.511 GC heap after
{Heap after GC invocations=31 (full 0):
 garbage-first heap   total 63488K, used 27561K [0x00000000e2000000, 0x0000000100000000)
  region size 1024K, 1 young (1024K), 1 survivors (1024K)
 Metaspace       used 33478K, capacity 34141K, committed 34304K, reserved 1079296K
  class space    used 3555K, capacity 3775K, committed 3840K, reserved 1048576K
}
Event: 19.634 GC heap before
{Heap before GC invocations=31 (full 0):
 garbage-first heap   total 63488K, used 28585K [0x00000000e2000000, 0x0000000100000000)
  region size 1024K, 3 young (3072K), 1 survivors (1024K)
 Metaspace       used 33620K, capacity 34319K, committed 34560K, reserved 1079296K
  class space    used 3562K, capacity 3809K, committed 3840K, reserved 1048576K
}
Event: 19.638 GC heap after
{Heap after GC invocations=32 (full 0):
 garbage-first heap   total 63488K, used 24734K [0x00000000e2000000, 0x0000000100000000)
  region size 1024K, 1 young (1024K), 1 survivors (1024K)
 Metaspace       used 33620K, capacity 34319K, committed 34560K, reserved 1079296K
  class space    used 3562K, capacity 3809K, committed 3840K, reserved 1048576K
}
Event: 20.246 GC heap before
{Heap before GC invocations=32 (full 0):
 garbage-first heap   total 63488K, used 44190K [0x00000000e2000000, 0x0000000100000000)
  region size 1024K, 20 young (20480K), 1 survivors (1024K)
 Metaspace       used 34805K, capacity 35496K, committed 35712K, reserved 1081344K
  class space    used 3676K, capacity 3884K, committed 3968K, reserved 1048576K
}
Event: 20.249 GC heap after
{Heap after GC invocations=33 (full 0):
 garbage-first heap   total 63488K, used 26056K [0x00000000e2000000, 0x0000000100000000)
  region size 1024K, 2 young (2048K), 2 survivors (2048K)
 Metaspace       used 34805K, capacity 35496K, committed 35712K, reserved 1081344K
  class space    used 3676K, capacity 3884K, committed 3968K, reserved 1048576K
}

Deoptimization events (10 events):
Event: 19.740 Thread 0x000002330e577000 Uncommon trap: reason=class_check action=maybe_recompile pc=0x000002331d7a02f8 method=com.google.inject.internal.MoreTypes.getRawType(Ljava/lang/reflect/Type;)Ljava/lang/Class; @ 13 c2
Event: 19.746 Thread 0x000002330e577000 Uncommon trap: reason=class_check action=maybe_recompile pc=0x000002331d7a02f8 method=com.google.inject.internal.MoreTypes.getRawType(Ljava/lang/reflect/Type;)Ljava/lang/Class; @ 13 c2
Event: 19.815 Thread 0x000002332abf7000 Uncommon trap: reason=unstable_if action=reinterpret pc=0x000002331d95d968 method=jdk.internal.org.objectweb.asm.Type.getArgumentsAndReturnSizes(Ljava/lang/String;)I @ 136 c2
Event: 19.815 Thread 0x000002330e577000 Uncommon trap: reason=unstable_if action=reinterpret pc=0x000002331d8b3338 method=org.codehaus.plexus.classworlds.realm.Entry.matches(Ljava/lang/String;)Z @ 20 c2
Event: 20.212 Thread 0x000002332a738800 Uncommon trap: reason=bimorphic_or_optimized_type_check action=maybe_recompile pc=0x000002331d91ec60 method=java.util.concurrent.locks.AbstractQueuedSynchronizer.release(I)Z @ 2 c2
Event: 20.212 Thread 0x000002332a738800 Uncommon trap: reason=bimorphic_or_optimized_type_check action=maybe_recompile pc=0x000002331d91ec60 method=java.util.concurrent.locks.AbstractQueuedSynchronizer.release(I)Z @ 2 c2
Event: 20.213 Thread 0x000002332ac80800 Uncommon trap: reason=bimorphic_or_optimized_type_check action=maybe_recompile pc=0x000002331d91ec60 method=java.util.concurrent.locks.AbstractQueuedSynchronizer.release(I)Z @ 2 c2
Event: 20.214 Thread 0x000002332952c000 Uncommon trap: reason=bimorphic_or_optimized_type_check action=maybe_recompile pc=0x000002331d91ec60 method=java.util.concurrent.locks.AbstractQueuedSynchronizer.release(I)Z @ 2 c2
Event: 20.215 Thread 0x000002332952c000 Uncommon trap: reason=unstable_if action=reinterpret pc=0x000002331d9345f0 method=java.util.concurrent.locks.AbstractQueuedSynchronizer.doReleaseShared()V @ 6 c2
Event: 21.645 Thread 0x000002332ac72000 Uncommon trap: reason=unstable_if action=reinterpret pc=0x000002331d97be80 method=java.io.BufferedReader.readLine(Z)Ljava/lang/String; @ 265 c2

Classes redefined (0 events):
No events

Internal exceptions (10 events):
Event: 18.977 Thread 0x000002330e577000 Exception <a 'sun/nio/fs/WindowsException'{0x00000000e54a43a0}> (0x00000000e54a43a0) thrown at [./open/src/hotspot/share/prims/jni.cpp, line 611]
Event: 18.979 Thread 0x000002330e577000 Exception <a 'sun/nio/fs/WindowsException'{0x00000000e54ca008}> (0x00000000e54ca008) thrown at [./open/src/hotspot/share/prims/jni.cpp, line 611]
Event: 19.774 Thread 0x000002330e577000 Exception <a 'java/lang/NoSuchMethodError'{0x00000000e56dca18}: org.apache.maven.execution.MavenExecutionRequest.getFailureBehavior()Ljava/lang/String;> (0x00000000e56dca18) thrown at [./open/src/hotspot/share/interpreter/linkResolver.cpp, line 864]
Event: 19.820 Thread 0x000002332abf7000 Exception <a 'java/lang/NoSuchMethodError'{0x00000000e5517a80}: java.lang.invoke.DirectMethodHandle$Holder.invokeStaticInit(Ljava/lang/Object;Ljava/lang/Object;JLjava/lang/Object;)Ljava/lang/Object;> (0x00000000e5517a80) thrown at [./open/src/hotspot/shar
Event: 19.823 Thread 0x000002332abf7000 Exception <a 'java/lang/NoSuchMethodError'{0x00000000e5523ba0}: java.lang.invoke.Invokers$Holder.linkToTargetMethod(Ljava/lang/Object;JLjava/lang/Object;)Ljava/lang/Object;> (0x00000000e5523ba0) thrown at [./open/src/hotspot/share/interpreter/linkResolver
Event: 20.101 Thread 0x000002330e577000 Exception <a 'java/lang/NoSuchMethodError'{0x00000000e54c4ea8}: java.lang.invoke.DirectMethodHandle$Holder.invokeStaticInit(Ljava/lang/Object;Ljava/lang/Object;IIII)Ljava/lang/Object;> (0x00000000e54c4ea8) thrown at [./open/src/hotspot/share/interpreter/l
Event: 20.575 Thread 0x000002330e577000 Exception <a 'java/lang/NoSuchMethodError'{0x00000000e524f8c8}: java.lang.invoke.DirectMethodHandle$Holder.invokeStatic(Ljava/lang/Object;J)V> (0x00000000e524f8c8) thrown at [./open/src/hotspot/share/interpreter/linkResolver.cpp, line 772]
Event: 20.576 Thread 0x000002330e577000 Exception <a 'java/lang/NoSuchMethodError'{0x00000000e5254ad8}: java.lang.invoke.DirectMethodHandle$Holder.invokeStatic(Ljava/lang/Object;J)Ljava/lang/Object;> (0x00000000e5254ad8) thrown at [./open/src/hotspot/share/interpreter/linkResolver.cpp, line 772
Event: 20.577 Thread 0x000002330e577000 Exception <a 'java/lang/NoSuchMethodError'{0x00000000e5257e00}: java.lang.invoke.DirectMethodHandle$Holder.invokeSpecial(Ljava/lang/Object;Ljava/lang/Object;J)Ljava/lang/Object;> (0x00000000e5257e00) thrown at [./open/src/hotspot/share/interpreter/linkRes
Event: 20.578 Thread 0x000002330e577000 Exception <a 'java/lang/NoSuchMethodError'{0x00000000e525ab68}: java.lang.invoke.Invokers$Holder.linkToTargetMethod(JLjava/lang/Object;)Ljava/lang/Object;> (0x00000000e525ab68) thrown at [./open/src/hotspot/share/interpreter/linkResolver.cpp, line 772]

Events (10 events):
Event: 35.876 loading class org/apache/maven/plugin/surefire/booterclient/output/InPluginProcessDumpSingleton
Event: 35.876 loading class org/apache/maven/plugin/surefire/booterclient/output/InPluginProcessDumpSingleton done
Event: 35.876 loading class org/apache/maven/plugin/surefire/booterclient/output/InPluginProcessDumpSingleton
Event: 35.876 loading class org/apache/maven/plugin/surefire/booterclient/output/InPluginProcessDumpSingleton done
Event: 35.877 loading class org/apache/maven/plugin/surefire/booterclient/output/InPluginProcessDumpSingleton
Event: 35.877 loading class org/apache/maven/plugin/surefire/booterclient/output/InPluginProcessDumpSingleton done
Event: 35.919 loading class java/lang/Throwable$WrappedPrintWriter
Event: 35.919 loading class java/lang/Throwable$PrintStreamOrWriter
Event: 35.920 loading class java/lang/Throwable$PrintStreamOrWriter done
Event: 35.920 loading class java/lang/Throwable$WrappedPrintWriter done


Dynamic libraries:
0x00007ff701b20000 - 0x00007ff701b2f000 	C:\Program Files\Java\jdk-11.0.16\bin\java.exe
0x00007ffbd3a30000 - 0x00007ffbd3c28000 	C:\Windows\SYSTEM32\ntdll.dll
0x00007ffbd2110000 - 0x00007ffbd21cd000 	C:\Windows\System32\KERNEL32.DLL
0x00007ffbd13b0000 - 0x00007ffbd1682000 	C:\Windows\System32\KERNELBASE.dll
0x00007ffbd1990000 - 0x00007ffbd1a90000 	C:\Windows\System32\ucrtbase.dll
0x00007ffbc73c0000 - 0x00007ffbc73d8000 	C:\Program Files\Java\jdk-11.0.16\bin\jli.dll
0x00007ffbd2d50000 - 0x00007ffbd2dfe000 	C:\Windows\System32\ADVAPI32.dll
0x00007ffbd3830000 - 0x00007ffbd38ce000 	C:\Windows\System32\msvcrt.dll
0x00007ffbd2560000 - 0x00007ffbd25fc000 	C:\Windows\System32\sechost.dll
0x00007ffbd3260000 - 0x00007ffbd3385000 	C:\Windows\System32\RPCRT4.dll
0x00007ffbc7330000 - 0x00007ffbc7345000 	C:\Program Files\Java\jdk-11.0.16\bin\VCRUNTIME140.dll
0x00007ffbd2ee0000 - 0x00007ffbd307d000 	C:\Windows\System32\USER32.dll
0x00007ffbd1380000 - 0x00007ffbd13a2000 	C:\Windows\System32\win32u.dll
0x00007ffbd33f0000 - 0x00007ffbd341b000 	C:\Windows\System32\GDI32.dll
0x00007ffbd1270000 - 0x00007ffbd137f000 	C:\Windows\System32\gdi32full.dll
0x00007ffbd1140000 - 0x00007ffbd11dd000 	C:\Windows\System32\msvcp_win.dll
0x00007ffbc0860000 - 0x00007ffbc0afa000 	C:\Windows\WinSxS\amd64_microsoft.windows.common-controls_6595b64144ccf1df_6.0.19041.1110_none_60b5254171f9507e\COMCTL32.dll
0x00007ffbccbf0000 - 0x00007ffbccbfa000 	C:\Windows\SYSTEM32\VERSION.dll
0x00007ffbd30e0000 - 0x00007ffbd3110000 	C:\Windows\System32\IMM32.DLL
0x00007ffbba980000 - 0x00007ffbbaa1b000 	C:\Program Files\Java\jdk-11.0.16\bin\msvcp140.dll
0x00007ffba5950000 - 0x00007ffba6468000 	C:\Program Files\Java\jdk-11.0.16\bin\server\jvm.dll
0x00007ffbd1a90000 - 0x00007ffbd1a98000 	C:\Windows\System32\PSAPI.DLL
0x00007ffbca4f0000 - 0x00007ffbca517000 	C:\Windows\SYSTEM32\WINMM.dll
0x00007ffbcb0e0000 - 0x00007ffbcb0e9000 	C:\Windows\SYSTEM32\WSOCK32.dll
0x00007ffbd24f0000 - 0x00007ffbd255b000 	C:\Windows\System32\ws2_32.DLL
0x00007ffbcf020000 - 0x00007ffbcf032000 	C:\Windows\SYSTEM32\kernel.appcore.dll
0x00007ffbcb0c0000 - 0x00007ffbcb0d0000 	C:\Program Files\Java\jdk-11.0.16\bin\verify.dll
0x00007ffbcba70000 - 0x00007ffbcbc54000 	C:\Windows\SYSTEM32\DBGHELP.DLL
0x00007ffbcb980000 - 0x00007ffbcb9ac000 	C:\Windows\SYSTEM32\dbgcore.DLL
0x00007ffbd11e0000 - 0x00007ffbd1262000 	C:\Windows\System32\bcryptPrimitives.dll
0x00007ffbc3a70000 - 0x00007ffbc3a98000 	C:\Program Files\Java\jdk-11.0.16\bin\java.dll
0x00007ffbca730000 - 0x00007ffbca73a000 	C:\Program Files\Java\jdk-11.0.16\bin\jimage.dll
0x00007ffbc6620000 - 0x00007ffbc6636000 	C:\Program Files\Java\jdk-11.0.16\bin\zip.dll
0x00007ffbd2600000 - 0x00007ffbd2d43000 	C:\Windows\System32\SHELL32.dll
0x00007ffbcf220000 - 0x00007ffbcf9b1000 	C:\Windows\SYSTEM32\windows.storage.dll
0x00007ffbd3420000 - 0x00007ffbd3774000 	C:\Windows\System32\combase.dll
0x00007ffbd0ac0000 - 0x00007ffbd0af0000 	C:\Windows\SYSTEM32\Wldp.dll
0x00007ffbd21d0000 - 0x00007ffbd227d000 	C:\Windows\System32\SHCORE.dll
0x00007ffbd2280000 - 0x00007ffbd22d5000 	C:\Windows\System32\shlwapi.dll
0x00007ffbd1080000 - 0x00007ffbd109f000 	C:\Windows\SYSTEM32\profapi.dll
0x00007ffbc3770000 - 0x00007ffbc3789000 	C:\Program Files\Java\jdk-11.0.16\bin\net.dll
0x00007ffbcc770000 - 0x00007ffbcc87d000 	C:\Windows\SYSTEM32\WINHTTP.dll
0x00007ffbd0820000 - 0x00007ffbd088a000 	C:\Windows\system32\mswsock.dll
0x00007ffbc35a0000 - 0x00007ffbc35b2000 	C:\Program Files\Java\jdk-11.0.16\bin\nio.dll
0x00007ffbc7380000 - 0x00007ffbc738a000 	C:\Program Files\NetBeans-12.6\netbeans\java\maven\lib\jansi-native\windows64\jansi.dll
0x00007ffbd0a10000 - 0x00007ffbd0a28000 	C:\Windows\SYSTEM32\CRYPTSP.dll
0x00007ffbd0140000 - 0x00007ffbd0174000 	C:\Windows\system32\rsaenh.dll
0x00007ffbd1960000 - 0x00007ffbd1987000 	C:\Windows\System32\bcrypt.dll
0x00007ffbd1040000 - 0x00007ffbd106e000 	C:\Windows\SYSTEM32\USERENV.dll
0x00007ffbd0a30000 - 0x00007ffbd0a3c000 	C:\Windows\SYSTEM32\CRYPTBASE.dll
0x00007ffbd0510000 - 0x00007ffbd054b000 	C:\Windows\SYSTEM32\IPHLPAPI.DLL
0x00007ffbd2020000 - 0x00007ffbd2028000 	C:\Windows\System32\NSI.dll
0x00007ffbcb9b0000 - 0x00007ffbcb9c7000 	C:\Windows\SYSTEM32\dhcpcsvc6.DLL
0x00007ffbccf20000 - 0x00007ffbccf3d000 	C:\Windows\SYSTEM32\dhcpcsvc.DLL
0x00007ffbd0550000 - 0x00007ffbd061a000 	C:\Windows\SYSTEM32\DNSAPI.dll

dbghelp: loaded successfully - version: 4.0.5 - missing functions: none
symbol engine: initialized successfully - sym options: 0x614 - pdb path: .;C:\Program Files\Java\jdk-11.0.16\bin;C:\Windows\SYSTEM32;C:\Windows\WinSxS\amd64_microsoft.windows.common-controls_6595b64144ccf1df_6.0.19041.1110_none_60b5254171f9507e;C:\Program Files\Java\jdk-11.0.16\bin\server;C:\Program Files\NetBeans-12.6\netbeans\java\maven\lib\jansi-native\windows64

VM Arguments:
jvm_args: -Dclassworlds.conf=C:\Program Files\NetBeans-12.6\netbeans\java\maven\bin\..\bin\m2.conf -Dmaven.home=C:\Program Files\NetBeans-12.6\netbeans\java\maven\bin\.. -Dlibrary.jansi.path=C:\Program Files\NetBeans-12.6\netbeans\java\maven\bin\..\lib\jansi-native -Dmaven.multiModuleProjectDirectory=C:\Users\JORGE CASTILLO\Documents\NetBeansProjects\portfoliospring 
java_command: org.codehaus.plexus.classworlds.launcher.Launcher -Dmaven.ext.class.path=C:\Program Files\NetBeans-12.6\netbeans\java\maven-nblib\netbeans-eventspy.jar -Dfile.encoding=UTF-8 install
java_class_path (initial): C:\Program Files\NetBeans-12.6\netbeans\java\maven\bin\..\boot\plexus-classworlds-2.6.0.jar
Launcher Type: SUN_STANDARD

[Global flags]
     intx CICompilerCount                          = 2                                         {product} {ergonomic}
     uint ConcGCThreads                            = 1                                         {product} {ergonomic}
     uint G1ConcRefinementThreads                  = 2                                         {product} {ergonomic}
   size_t G1HeapRegionSize                         = 1048576                                   {product} {ergonomic}
    uintx GCDrainStackTargetSize                   = 64                                        {product} {ergonomic}
   size_t InitialHeapSize                          = 31457280                                  {product} {ergonomic}
   size_t MarkStackSize                            = 4194304                                   {product} {ergonomic}
   size_t MaxHeapSize                              = 503316480                                 {product} {ergonomic}
   size_t MaxNewSize                               = 301989888                                 {product} {ergonomic}
   size_t MinHeapDeltaBytes                        = 1048576                                   {product} {ergonomic}
    uintx NonNMethodCodeHeapSize                   = 5825164                                {pd product} {ergonomic}
    uintx NonProfiledCodeHeapSize                  = 122916538                              {pd product} {ergonomic}
    uintx ProfiledCodeHeapSize                     = 122916538                              {pd product} {ergonomic}
    uintx ReservedCodeCacheSize                    = 251658240                              {pd product} {ergonomic}
     bool SegmentedCodeCache                       = true                                      {product} {ergonomic}
     bool UseCompressedClassPointers               = true                                 {lp64_product} {ergonomic}
     bool UseCompressedOops                        = true                                 {lp64_product} {ergonomic}
     bool UseG1GC                                  = true                                      {product} {ergonomic}
     bool UseLargePagesIndividualAllocation        = false                                  {pd product} {ergonomic}

Logging:
Log output configuration:
 #0: stdout all=warning uptime,level,tags
 #1: stderr all=off uptime,level,tags

Environment Variables:
JAVA_HOME=C:\Program Files\Java\jdk-11.0.16
PATH=C:\Program Files\Common Files\Oracle\Java\javapath;C:\Windows\system32;C:\Windows;C:\Windows\System32\Wbem;C:\Windows\System32\WindowsPowerShell\v1.0\;C:\Windows\System32\OpenSSH\;C:\Program Files\Microsoft VS Code\bin;C:\Program Files\Git\cmd;C:\Program Files\nodejs\;C:\Program Files\MySQL\MySQL Shell 8.0\bin\;C:\Users\JORGE CASTILLO\AppData\Local\Microsoft\WindowsApps;C:\Users\JORGE CASTILLO\AppData\Roaming\npm
USERNAME=JORGE CASTILLO
OS=Windows_NT
PROCESSOR_IDENTIFIER=Intel64 Family 6 Model 58 Stepping 9, GenuineIntel



---------------  S Y S T E M  ---------------

OS: Windows 10 , 64 bit Build 19041 (10.0.19041.1889)

CPU:total 2 (initial active 2) (2 cores per cpu, 1 threads per core) family 6 model 58 stepping 9 microcode 0x21, cmov, cx8, fxsr, mmx, sse, sse2, sse3, ssse3, sse4.1, sse4.2, popcnt, clmul, erms, tsc, tscinvbit, tscinv

Memory: 4k page, system-wide physical 1917M (295M free)
TotalPageFile size 5917M (AvailPageFile size 3M)
current process WorkingSet (physical memory assigned to process): 41M, peak: 173M
current process commit charge ("private bytes"): 187M, peak: 213M

vm_info: Java HotSpot(TM) 64-Bit Server VM (11.0.16+11-LTS-199) for windows-amd64 JRE (11.0.16+11-LTS-199), built on Jun 28 2022 08:23:17 by "mach5one" with MS VC++ 15.9 (VS2017)

END.
